Fri, 19 Mar 2021 13:23:59 GMT express:application set "x-powered-by" to true
Fri, 19 Mar 2021 13:23:59 GMT express:application set "x-powered-by" to true
Fri, 19 Mar 2021 13:23:59 GMT express:application set "x-powered-by" to true
Fri, 19 Mar 2021 13:23:59 GMT express:application set "etag" to 'weak'
Fri, 19 Mar 2021 13:23:59 GMT express:application set "etag" to 'weak'
Fri, 19 Mar 2021 13:23:59 GMT express:application set "etag fn" to [Function: wetag]
Fri, 19 Mar 2021 13:23:59 GMT express:application set "env" to 'development'
Fri, 19 Mar 2021 13:23:59 GMT express:application set "query parser" to 'extended'
Fri, 19 Mar 2021 13:23:59 GMT express:application set "etag fn" to [Function: wetag]
Fri, 19 Mar 2021 13:23:59 GMT express:application set "query parser fn" to [Function: parseExtendedQueryString]
Fri, 19 Mar 2021 13:23:59 GMT express:application set "env" to 'development'
Fri, 19 Mar 2021 13:23:59 GMT express:application set "subdomain offset" to 2
Fri, 19 Mar 2021 13:23:59 GMT express:application set "trust proxy" to false
Fri, 19 Mar 2021 13:23:59 GMT express:application set "query parser" to 'extended'
Fri, 19 Mar 2021 13:23:59 GMT express:application set "query parser fn" to [Function: parseExtendedQueryString]
Fri, 19 Mar 2021 13:23:59 GMT express:application set "trust proxy fn" to [Function: trustNone]
Fri, 19 Mar 2021 13:23:59 GMT express:application set "subdomain offset" to 2
Fri, 19 Mar 2021 13:23:59 GMT express:application set "trust proxy" to false
Fri, 19 Mar 2021 13:23:59 GMT express:application booting in development mode
Fri, 19 Mar 2021 13:23:59 GMT express:application set "view" to [Function: View]
Fri, 19 Mar 2021 13:23:59 GMT express:application set "views" to '/home/dev/workspace/ntalk/views'
Fri, 19 Mar 2021 13:23:59 GMT express:application set "trust proxy fn" to [Function: trustNone]
Fri, 19 Mar 2021 13:23:59 GMT express:application set "jsonp callback name" to 'callback'
Fri, 19 Mar 2021 13:23:59 GMT express:application booting in development mode
Fri, 19 Mar 2021 13:23:59 GMT express:application set "view" to [Function: View]
Fri, 19 Mar 2021 13:23:59 GMT express:application set "views" to '/home/dev/workspace/ntalk/views'
Fri, 19 Mar 2021 13:23:59 GMT express:application set "jsonp callback name" to 'callback'
Fri, 19 Mar 2021 13:23:59 GMT express:application set "etag" to 'weak'
Fri, 19 Mar 2021 13:23:59 GMT socket.io:server initializing namespace /
Fri, 19 Mar 2021 13:23:59 GMT express:application set "etag fn" to [Function: wetag]
2021-03-19T13:23:59.898Z socket.io-parser encoding packet {"type":0,"nsp":"/"}
2021-03-19T13:23:59.899Z socket.io-parser encoded {"type":0,"nsp":"/"} as 0
Fri, 19 Mar 2021 13:23:59 GMT socket.io:server creating engine.io instance with opts {"path":"/socket.io","initialPacket":["0"]}
Fri, 19 Mar 2021 13:23:59 GMT express:application set "env" to 'development'
Fri, 19 Mar 2021 13:23:59 GMT express:application set "query parser" to 'extended'
Fri, 19 Mar 2021 13:23:59 GMT express:application set "query parser fn" to [Function: parseExtendedQueryString]
Fri, 19 Mar 2021 13:23:59 GMT express:application set "subdomain offset" to 2
Fri, 19 Mar 2021 13:23:59 GMT express:application set "trust proxy" to false
Fri, 19 Mar 2021 13:23:59 GMT express:application set "trust proxy fn" to [Function: trustNone]
Fri, 19 Mar 2021 13:23:59 GMT express:application booting in development mode
Fri, 19 Mar 2021 13:23:59 GMT express:application set "view" to [Function: View]
Fri, 19 Mar 2021 13:23:59 GMT express:application set "views" to '/home/dev/workspace/ntalk/views'
Fri, 19 Mar 2021 13:23:59 GMT express:application set "jsonp callback name" to 'callback'
Fri, 19 Mar 2021 13:23:59 GMT express:application set "x-powered-by" to true
Fri, 19 Mar 2021 13:23:59 GMT express:application set "etag" to 'weak'
Fri, 19 Mar 2021 13:23:59 GMT socket.io:server initializing namespace /
Fri, 19 Mar 2021 13:23:59 GMT express:application set "etag fn" to [Function: wetag]
Fri, 19 Mar 2021 13:23:59 GMT express:application set "env" to 'development'
Fri, 19 Mar 2021 13:23:59 GMT express:application set "query parser" to 'extended'
Fri, 19 Mar 2021 13:23:59 GMT express:application set "query parser fn" to [Function: parseExtendedQueryString]
Fri, 19 Mar 2021 13:23:59 GMT express:application set "subdomain offset" to 2
Fri, 19 Mar 2021 13:23:59 GMT express:application set "trust proxy" to false
Fri, 19 Mar 2021 13:23:59 GMT socket.io:server initializing namespace /
Fri, 19 Mar 2021 13:23:59 GMT express:application set "trust proxy fn" to [Function: trustNone]
Fri, 19 Mar 2021 13:23:59 GMT express:application booting in development mode
Fri, 19 Mar 2021 13:23:59 GMT express:application set "view" to [Function: View]
Fri, 19 Mar 2021 13:23:59 GMT express:application set "views" to '/home/dev/workspace/ntalk/views'
Fri, 19 Mar 2021 13:23:59 GMT express:application set "jsonp callback name" to 'callback'
2021-03-19T13:23:59.911Z socket.io-parser encoding packet {"type":0,"nsp":"/"}
2021-03-19T13:23:59.912Z socket.io-parser encoded {"type":0,"nsp":"/"} as 0
Fri, 19 Mar 2021 13:23:59 GMT socket.io:server creating engine.io instance with opts {"path":"/socket.io","initialPacket":["0"]}
2021-03-19T13:23:59.911Z socket.io-parser encoding packet {"type":0,"nsp":"/"}
2021-03-19T13:23:59.914Z socket.io-parser encoded {"type":0,"nsp":"/"} as 0
Fri, 19 Mar 2021 13:23:59 GMT socket.io:server initializing namespace /
Fri, 19 Mar 2021 13:23:59 GMT socket.io:server creating engine.io instance with opts {"path":"/socket.io","initialPacket":["0"]}
2021-03-19T13:23:59.916Z socket.io-parser encoding packet {"type":0,"nsp":"/"}
2021-03-19T13:23:59.916Z socket.io-parser encoded {"type":0,"nsp":"/"} as 0
Fri, 19 Mar 2021 13:23:59 GMT socket.io:server creating engine.io instance with opts {"path":"/socket.io","initialPacket":["0"]}
Fri, 19 Mar 2021 13:23:59 GMT socket.io:server attaching client serving req handler
Fri, 19 Mar 2021 13:23:59 GMT socket.io:server attaching client serving req handler
Fri, 19 Mar 2021 13:23:59 GMT express:application set "x-powered-by" to false
Fri, 19 Mar 2021 13:23:59 GMT express:application set "views" to '/home/dev/workspace/ntalk/views'
Fri, 19 Mar 2021 13:23:59 GMT express:application set "view engine" to 'ejs'
Fri, 19 Mar 2021 13:23:59 GMT express:router use '/' query
Fri, 19 Mar 2021 13:23:59 GMT socket.io:server attaching client serving req handler
Fri, 19 Mar 2021 13:23:59 GMT express:router:layer new '/'
Fri, 19 Mar 2021 13:23:59 GMT express:router use '/' expressInit
Fri, 19 Mar 2021 13:23:59 GMT express:router:layer new '/'
Fri, 19 Mar 2021 13:23:59 GMT express:router use '/' compression
Fri, 19 Mar 2021 13:23:59 GMT express:router:layer new '/'
Fri, 19 Mar 2021 13:23:59 GMT express:router use '/' session
Fri, 19 Mar 2021 13:23:59 GMT express:router:layer new '/'
Fri, 19 Mar 2021 13:23:59 GMT express:application set "x-powered-by" to false
Fri, 19 Mar 2021 13:23:59 GMT express:application set "views" to '/home/dev/workspace/ntalk/views'
Fri, 19 Mar 2021 13:23:59 GMT express:application set "view engine" to 'ejs'
Fri, 19 Mar 2021 13:23:59 GMT express:application set "x-powered-by" to false
Fri, 19 Mar 2021 13:23:59 GMT express:application set "views" to '/home/dev/workspace/ntalk/views'
Fri, 19 Mar 2021 13:23:59 GMT express:application set "view engine" to 'ejs'
Fri, 19 Mar 2021 13:23:59 GMT express:router use '/' query
Fri, 19 Mar 2021 13:23:59 GMT express:router:layer new '/'
Fri, 19 Mar 2021 13:23:59 GMT express:router use '/' expressInit
Fri, 19 Mar 2021 13:23:59 GMT express:router:layer new '/'
Fri, 19 Mar 2021 13:23:59 GMT express:router use '/' compression
Fri, 19 Mar 2021 13:23:59 GMT express:router:layer new '/'
Fri, 19 Mar 2021 13:23:59 GMT express:router use '/' session
Fri, 19 Mar 2021 13:23:59 GMT express:router:layer new '/'
Fri, 19 Mar 2021 13:23:59 GMT express:router use '/' query
Fri, 19 Mar 2021 13:23:59 GMT socket.io:server attaching client serving req handler
Fri, 19 Mar 2021 13:23:59 GMT express:router:layer new '/'
Fri, 19 Mar 2021 13:23:59 GMT express:router use '/' expressInit
Fri, 19 Mar 2021 13:23:59 GMT express:router:layer new '/'
Fri, 19 Mar 2021 13:23:59 GMT express:router use '/' compression
Fri, 19 Mar 2021 13:23:59 GMT express:router:layer new '/'
Fri, 19 Mar 2021 13:23:59 GMT express:router use '/' session
Fri, 19 Mar 2021 13:23:59 GMT express:router:layer new '/'
Fri, 19 Mar 2021 13:23:59 GMT express:application set "x-powered-by" to false
Fri, 19 Mar 2021 13:23:59 GMT express:application set "views" to '/home/dev/workspace/ntalk/views'
Fri, 19 Mar 2021 13:23:59 GMT express:router use '/' jsonParser
Fri, 19 Mar 2021 13:23:59 GMT express:router:layer new '/'
Fri, 19 Mar 2021 13:23:59 GMT express:application set "view engine" to 'ejs'
Fri, 19 Mar 2021 13:23:59 GMT express:router use '/' urlencodedParser
Fri, 19 Mar 2021 13:23:59 GMT express:router:layer new '/'
Fri, 19 Mar 2021 13:23:59 GMT express:router use '/' methodOverride
Fri, 19 Mar 2021 13:23:59 GMT express:router:layer new '/'
Fri, 19 Mar 2021 13:23:59 GMT express:router use '/' serveStatic
Fri, 19 Mar 2021 13:23:59 GMT express:router:layer new '/'
Fri, 19 Mar 2021 13:23:59 GMT express:router use '/' jsonParser
Fri, 19 Mar 2021 13:23:59 GMT express:router:layer new '/'
Fri, 19 Mar 2021 13:23:59 GMT express:router use '/' urlencodedParser
Fri, 19 Mar 2021 13:23:59 GMT express:router use '/' query
Fri, 19 Mar 2021 13:23:59 GMT express:router:layer new '/'
Fri, 19 Mar 2021 13:23:59 GMT express:router:layer new '/'
Fri, 19 Mar 2021 13:23:59 GMT express:router use '/' methodOverride
Fri, 19 Mar 2021 13:23:59 GMT express:router:layer new '/'
Fri, 19 Mar 2021 13:23:59 GMT express:router use '/' serveStatic
Fri, 19 Mar 2021 13:23:59 GMT express:router use '/' expressInit
Fri, 19 Mar 2021 13:23:59 GMT express:router:layer new '/'
Fri, 19 Mar 2021 13:23:59 GMT express:router:layer new '/'
Fri, 19 Mar 2021 13:23:59 GMT express:router use '/' compression
Fri, 19 Mar 2021 13:23:59 GMT express:router:layer new '/'
Fri, 19 Mar 2021 13:23:59 GMT express:router use '/' session
Fri, 19 Mar 2021 13:23:59 GMT express:router:layer new '/'
Fri, 19 Mar 2021 13:23:59 GMT express:router use '/' jsonParser
Fri, 19 Mar 2021 13:23:59 GMT express:router:layer new '/'
Fri, 19 Mar 2021 13:23:59 GMT express:router use '/' urlencodedParser
Fri, 19 Mar 2021 13:23:59 GMT express:router:layer new '/'
Fri, 19 Mar 2021 13:23:59 GMT express:router use '/' methodOverride
Fri, 19 Mar 2021 13:23:59 GMT express:router:layer new '/'
Fri, 19 Mar 2021 13:23:59 GMT express:router use '/' serveStatic
Fri, 19 Mar 2021 13:23:59 GMT express:router:layer new '/'
Fri, 19 Mar 2021 13:23:59 GMT socket.io:namespace removing initial packet
Fri, 19 Mar 2021 13:23:59 GMT express:router use '/' jsonParser
Fri, 19 Mar 2021 13:23:59 GMT express:router:layer new '/'
Fri, 19 Mar 2021 13:23:59 GMT socket.io:namespace removing initial packet
Fri, 19 Mar 2021 13:23:59 GMT socket.io:namespace removing initial packet
Fri, 19 Mar 2021 13:23:59 GMT express:router use '/' urlencodedParser
Fri, 19 Mar 2021 13:23:59 GMT express:router:layer new '/'
Fri, 19 Mar 2021 13:23:59 GMT express:router use '/' methodOverride
Fri, 19 Mar 2021 13:23:59 GMT express:router:layer new '/'
Fri, 19 Mar 2021 13:23:59 GMT express:router use '/' serveStatic
Fri, 19 Mar 2021 13:23:59 GMT express:router:layer new '/'
Fri, 19 Mar 2021 13:23:59 GMT socket.io:namespace removing initial packet
Fri, 19 Mar 2021 13:24:00 GMT express:router:route new '/chat'
Fri, 19 Mar 2021 13:24:00 GMT express:router:layer new '/chat'
Fri, 19 Mar 2021 13:24:00 GMT express:router:route get '/chat'
Fri, 19 Mar 2021 13:24:00 GMT express:router:layer new '/'
Fri, 19 Mar 2021 13:24:00 GMT express:router:route get '/chat'
Fri, 19 Mar 2021 13:24:00 GMT express:router:layer new '/'
Fri, 19 Mar 2021 13:24:00 GMT express:router:route new '/contatos'
Fri, 19 Mar 2021 13:24:00 GMT express:router:layer new '/contatos'
Fri, 19 Mar 2021 13:24:00 GMT express:router:route get '/contatos'
Fri, 19 Mar 2021 13:24:00 GMT express:router:layer new '/'
Fri, 19 Mar 2021 13:24:00 GMT express:router:route get '/contatos'
Fri, 19 Mar 2021 13:24:00 GMT express:router:layer new '/'
Fri, 19 Mar 2021 13:24:00 GMT express:router:route new '/contato/:id'
Fri, 19 Mar 2021 13:24:00 GMT express:router:layer new '/contato/:id'
Fri, 19 Mar 2021 13:24:00 GMT express:router:route new '/chat'
Fri, 19 Mar 2021 13:24:00 GMT express:router:layer new '/chat'
Fri, 19 Mar 2021 13:24:00 GMT express:router:route get '/chat'
Fri, 19 Mar 2021 13:24:00 GMT express:router:layer new '/'
Fri, 19 Mar 2021 13:24:00 GMT express:router:route get '/chat'
Fri, 19 Mar 2021 13:24:00 GMT express:router:route new '/chat'
Fri, 19 Mar 2021 13:24:00 GMT express:router:layer new '/'
Fri, 19 Mar 2021 13:24:00 GMT express:router:layer new '/chat'
Fri, 19 Mar 2021 13:24:00 GMT express:router:route get '/chat'
Fri, 19 Mar 2021 13:24:00 GMT express:router:route get '/contato/:id'
Fri, 19 Mar 2021 13:24:00 GMT express:router:layer new '/'
Fri, 19 Mar 2021 13:24:00 GMT express:router:route get '/contato/:id'
Fri, 19 Mar 2021 13:24:00 GMT express:router:layer new '/'
Fri, 19 Mar 2021 13:24:00 GMT express:router:route new '/contato'
Fri, 19 Mar 2021 13:24:00 GMT express:router:layer new '/contato'
Fri, 19 Mar 2021 13:24:00 GMT express:router:route post '/contato'
Fri, 19 Mar 2021 13:24:00 GMT express:router:layer new '/'
Fri, 19 Mar 2021 13:24:00 GMT express:router:route post '/contato'
Fri, 19 Mar 2021 13:24:00 GMT express:router:layer new '/'
Fri, 19 Mar 2021 13:24:00 GMT express:router:route new '/contato/:id/editar'
Fri, 19 Mar 2021 13:24:00 GMT express:router:layer new '/contato/:id/editar'
Fri, 19 Mar 2021 13:24:00 GMT express:router:layer new '/'
Fri, 19 Mar 2021 13:24:00 GMT express:router:route get '/contato/:id/editar'
Fri, 19 Mar 2021 13:24:00 GMT express:router:layer new '/'
Fri, 19 Mar 2021 13:24:00 GMT express:router:route get '/contato/:id/editar'
Fri, 19 Mar 2021 13:24:00 GMT express:router:route get '/chat'
Fri, 19 Mar 2021 13:24:00 GMT express:router:layer new '/'
Fri, 19 Mar 2021 13:24:00 GMT express:router:layer new '/'
Fri, 19 Mar 2021 13:24:00 GMT express:router:route new '/contato/:id'
Fri, 19 Mar 2021 13:24:00 GMT express:router:layer new '/contato/:id'
Fri, 19 Mar 2021 13:24:00 GMT express:router:route new '/contatos'
Fri, 19 Mar 2021 13:24:00 GMT express:router:layer new '/contatos'
Fri, 19 Mar 2021 13:24:00 GMT express:router:route get '/contatos'
Fri, 19 Mar 2021 13:24:00 GMT express:router:layer new '/'
Fri, 19 Mar 2021 13:24:00 GMT express:router:route get '/contatos'
Fri, 19 Mar 2021 13:24:00 GMT express:router:route put '/contato/:id'
Fri, 19 Mar 2021 13:24:00 GMT express:router:layer new '/'
Fri, 19 Mar 2021 13:24:00 GMT express:router:route put '/contato/:id'
Fri, 19 Mar 2021 13:24:00 GMT express:router:layer new '/'
Fri, 19 Mar 2021 13:24:00 GMT express:router:route new '/contato/:id'
Fri, 19 Mar 2021 13:24:00 GMT express:router:layer new '/contato/:id'
Fri, 19 Mar 2021 13:24:00 GMT express:router:route delete '/contato/:id'
Fri, 19 Mar 2021 13:24:00 GMT express:router:layer new '/'
Fri, 19 Mar 2021 13:24:00 GMT express:router:route delete '/contato/:id'
Fri, 19 Mar 2021 13:24:00 GMT express:router:layer new '/'
Fri, 19 Mar 2021 13:24:00 GMT express:router:layer new '/'
Fri, 19 Mar 2021 13:24:00 GMT express:router:route new '/contato/:id'
Fri, 19 Mar 2021 13:24:00 GMT express:router:layer new '/contato/:id'
Fri, 19 Mar 2021 13:24:00 GMT express:router:route new '/'
Fri, 19 Mar 2021 13:24:00 GMT express:router:layer new '/'
Fri, 19 Mar 2021 13:24:00 GMT express:router:route get '/'
Fri, 19 Mar 2021 13:24:00 GMT express:router:route new '/contatos'
Fri, 19 Mar 2021 13:24:00 GMT express:router:layer new '/'
Fri, 19 Mar 2021 13:24:00 GMT express:router:layer new '/contatos'
Fri, 19 Mar 2021 13:24:00 GMT express:router:route new '/entrar'
Fri, 19 Mar 2021 13:24:00 GMT express:router:layer new '/entrar'
Fri, 19 Mar 2021 13:24:00 GMT express:router:route get '/contatos'
Fri, 19 Mar 2021 13:24:00 GMT express:router:layer new '/'
Fri, 19 Mar 2021 13:24:00 GMT express:router:route post '/entrar'
Fri, 19 Mar 2021 13:24:00 GMT express:router:layer new '/'
Fri, 19 Mar 2021 13:24:00 GMT express:router:route get '/contatos'
Fri, 19 Mar 2021 13:24:00 GMT express:router:route new '/sair'
Fri, 19 Mar 2021 13:24:00 GMT express:router:layer new '/'
Fri, 19 Mar 2021 13:24:00 GMT express:router:layer new '/sair'
Fri, 19 Mar 2021 13:24:00 GMT express:router:route new '/contato/:id'
Fri, 19 Mar 2021 13:24:00 GMT express:router:route get '/sair'
Fri, 19 Mar 2021 13:24:00 GMT express:router:layer new '/contato/:id'
Fri, 19 Mar 2021 13:24:00 GMT express:router:layer new '/'
Fri, 19 Mar 2021 13:24:00 GMT express:router use '/' <anonymous>
Fri, 19 Mar 2021 13:24:00 GMT express:router:layer new '/'
Fri, 19 Mar 2021 13:24:00 GMT express:router:route get '/contato/:id'
Fri, 19 Mar 2021 13:24:00 GMT express:router:layer new '/'
Fri, 19 Mar 2021 13:24:00 GMT express:router use '/' <anonymous>
Fri, 19 Mar 2021 13:24:00 GMT express:router:layer new '/'
Fri, 19 Mar 2021 13:24:00 GMT express:router:route get '/contato/:id'
Fri, 19 Mar 2021 13:24:00 GMT express:router:layer new '/'
Fri, 19 Mar 2021 13:24:00 GMT express:router:route new '/contato'
Fri, 19 Mar 2021 13:24:00 GMT express:router:layer new '/contato'
Fri, 19 Mar 2021 13:24:00 GMT express:router:route post '/contato'
Fri, 19 Mar 2021 13:24:00 GMT express:router:layer new '/'
Fri, 19 Mar 2021 13:24:00 GMT express:router:route post '/contato'
Fri, 19 Mar 2021 13:24:00 GMT express:router:layer new '/'
Fri, 19 Mar 2021 13:24:00 GMT express:router:route new '/contato/:id/editar'
Fri, 19 Mar 2021 13:24:00 GMT express:router:layer new '/contato/:id/editar'
Fri, 19 Mar 2021 13:24:00 GMT express:router:route get '/contato/:id/editar'
Fri, 19 Mar 2021 13:24:00 GMT express:router:layer new '/'
Fri, 19 Mar 2021 13:24:00 GMT express:router:route get '/contato/:id/editar'
Fri, 19 Mar 2021 13:24:00 GMT express:router:layer new '/'
Fri, 19 Mar 2021 13:24:00 GMT express:router:route new '/contato/:id'
Fri, 19 Mar 2021 13:24:00 GMT express:router:layer new '/contato/:id'
Fri, 19 Mar 2021 13:24:00 GMT express:router:route put '/contato/:id'
Fri, 19 Mar 2021 13:24:00 GMT express:router:layer new '/'
Fri, 19 Mar 2021 13:24:00 GMT express:router:route put '/contato/:id'
Fri, 19 Mar 2021 13:24:00 GMT express:router:layer new '/'
Fri, 19 Mar 2021 13:24:00 GMT express:router:route new '/contato/:id'
Fri, 19 Mar 2021 13:24:00 GMT express:router:layer new '/contato/:id'
Fri, 19 Mar 2021 13:24:00 GMT express:router:route delete '/contato/:id'
Fri, 19 Mar 2021 13:24:00 GMT express:router:layer new '/'
Fri, 19 Mar 2021 13:24:00 GMT express:router:route delete '/contato/:id'
Fri, 19 Mar 2021 13:24:00 GMT express:router:layer new '/'
Fri, 19 Mar 2021 13:24:00 GMT express:router:route new '/chat'
Fri, 19 Mar 2021 13:24:00 GMT express:router:layer new '/chat'
Fri, 19 Mar 2021 13:24:00 GMT express:router:route get '/contato/:id'
Fri, 19 Mar 2021 13:24:00 GMT express:router:route get '/chat'
Fri, 19 Mar 2021 13:24:00 GMT express:router:route new '/'
Fri, 19 Mar 2021 13:24:00 GMT express:router:layer new '/'
Fri, 19 Mar 2021 13:24:00 GMT express:router:layer new '/'
Fri, 19 Mar 2021 13:24:00 GMT express:router:layer new '/'
Fri, 19 Mar 2021 13:24:00 GMT express:router:route get '/contato/:id'
Fri, 19 Mar 2021 13:24:00 GMT express:router:layer new '/'
Fri, 19 Mar 2021 13:24:00 GMT express:router:route get '/'
Fri, 19 Mar 2021 13:24:00 GMT express:router:route get '/chat'
Fri, 19 Mar 2021 13:24:00 GMT express:router:layer new '/'
Fri, 19 Mar 2021 13:24:00 GMT express:router:layer new '/'
Fri, 19 Mar 2021 13:24:00 GMT express:router:route new '/contato'
Fri, 19 Mar 2021 13:24:00 GMT express:router:route new '/entrar'
Fri, 19 Mar 2021 13:24:00 GMT express:router:layer new '/contato'
Fri, 19 Mar 2021 13:24:00 GMT express:router:layer new '/entrar'
Fri, 19 Mar 2021 13:24:00 GMT express:router:route post '/contato'
Fri, 19 Mar 2021 13:24:00 GMT express:router:layer new '/'
Fri, 19 Mar 2021 13:24:00 GMT express:router:route post '/entrar'
Fri, 19 Mar 2021 13:24:00 GMT express:router:layer new '/'
Fri, 19 Mar 2021 13:24:00 GMT express:router:route post '/contato'
Fri, 19 Mar 2021 13:24:00 GMT express:router:route new '/sair'
Fri, 19 Mar 2021 13:24:00 GMT express:router:layer new '/'
Fri, 19 Mar 2021 13:24:00 GMT express:router:layer new '/sair'
Fri, 19 Mar 2021 13:24:00 GMT express:router:route new '/contato/:id/editar'
Fri, 19 Mar 2021 13:24:00 GMT express:router:route get '/sair'
Fri, 19 Mar 2021 13:24:00 GMT express:router:layer new '/contato/:id/editar'
Fri, 19 Mar 2021 13:24:00 GMT express:router:layer new '/'
Fri, 19 Mar 2021 13:24:00 GMT express:router:route get '/contato/:id/editar'
Fri, 19 Mar 2021 13:24:00 GMT express:router use '/' <anonymous>
Fri, 19 Mar 2021 13:24:00 GMT express:router:layer new '/'
Fri, 19 Mar 2021 13:24:00 GMT express:router:layer new '/'
Fri, 19 Mar 2021 13:24:00 GMT express:router:route new '/contatos'
Fri, 19 Mar 2021 13:24:00 GMT express:router use '/' <anonymous>
Fri, 19 Mar 2021 13:24:00 GMT express:router:route get '/contato/:id/editar'
Fri, 19 Mar 2021 13:24:00 GMT express:router:layer new '/contatos'
Fri, 19 Mar 2021 13:24:00 GMT express:router:layer new '/'
Fri, 19 Mar 2021 13:24:00 GMT express:router:layer new '/'
Fri, 19 Mar 2021 13:24:00 GMT express:router:route get '/contatos'
Fri, 19 Mar 2021 13:24:00 GMT express:router:route new '/contato/:id'
Fri, 19 Mar 2021 13:24:00 GMT express:router:layer new '/'
Fri, 19 Mar 2021 13:24:00 GMT express:router:layer new '/contato/:id'
Fri, 19 Mar 2021 13:24:00 GMT express:router:route get '/contatos'
Fri, 19 Mar 2021 13:24:00 GMT express:router:route put '/contato/:id'
Fri, 19 Mar 2021 13:24:00 GMT express:router:layer new '/'
Fri, 19 Mar 2021 13:24:00 GMT express:router:layer new '/'
Fri, 19 Mar 2021 13:24:00 GMT express:router:route new '/contato/:id'
Fri, 19 Mar 2021 13:24:00 GMT express:router:route put '/contato/:id'
Fri, 19 Mar 2021 13:24:00 GMT express:router:layer new '/contato/:id'
Fri, 19 Mar 2021 13:24:00 GMT express:router:layer new '/'
Fri, 19 Mar 2021 13:24:00 GMT express:router:route new '/contato/:id'
Fri, 19 Mar 2021 13:24:00 GMT express:router:layer new '/contato/:id'
Fri, 19 Mar 2021 13:24:00 GMT express:router:route delete '/contato/:id'
Fri, 19 Mar 2021 13:24:00 GMT express:router:route get '/contato/:id'
Fri, 19 Mar 2021 13:24:00 GMT express:router:layer new '/'
Fri, 19 Mar 2021 13:24:00 GMT express:router:layer new '/'
Fri, 19 Mar 2021 13:24:00 GMT express:router:route delete '/contato/:id'
Fri, 19 Mar 2021 13:24:00 GMT express:router:route get '/contato/:id'
Fri, 19 Mar 2021 13:24:00 GMT express:router:layer new '/'
Fri, 19 Mar 2021 13:24:00 GMT express:router:layer new '/'
Fri, 19 Mar 2021 13:24:00 GMT express:router:route new '/contato'
Fri, 19 Mar 2021 13:24:00 GMT express:router:layer new '/contato'
Fri, 19 Mar 2021 13:24:00 GMT express:router:route post '/contato'
Fri, 19 Mar 2021 13:24:00 GMT express:router:layer new '/'
Fri, 19 Mar 2021 13:24:00 GMT express:router:route post '/contato'
Fri, 19 Mar 2021 13:24:00 GMT express:router:layer new '/'
Fri, 19 Mar 2021 13:24:00 GMT express:router:route new '/contato/:id/editar'
Fri, 19 Mar 2021 13:24:00 GMT express:router:route new '/'
Fri, 19 Mar 2021 13:24:00 GMT express:router:layer new '/contato/:id/editar'
Fri, 19 Mar 2021 13:24:00 GMT express:router:layer new '/'
Fri, 19 Mar 2021 13:24:00 GMT express:router:route get '/contato/:id/editar'
Fri, 19 Mar 2021 13:24:00 GMT express:router:route get '/'
Fri, 19 Mar 2021 13:24:00 GMT express:router:layer new '/'
Fri, 19 Mar 2021 13:24:00 GMT express:router:route new '/entrar'
Fri, 19 Mar 2021 13:24:00 GMT express:router:layer new '/entrar'
Fri, 19 Mar 2021 13:24:00 GMT express:router:route post '/entrar'
Fri, 19 Mar 2021 13:24:00 GMT express:router:layer new '/'
Fri, 19 Mar 2021 13:24:00 GMT express:router:route new '/sair'
Fri, 19 Mar 2021 13:24:00 GMT express:router:layer new '/sair'
Fri, 19 Mar 2021 13:24:00 GMT express:router:route get '/sair'
Fri, 19 Mar 2021 13:24:00 GMT express:router:layer new '/'
Fri, 19 Mar 2021 13:24:00 GMT express:router use '/' <anonymous>
Fri, 19 Mar 2021 13:24:00 GMT express:router:layer new '/'
Fri, 19 Mar 2021 13:24:00 GMT express:router use '/' <anonymous>
Fri, 19 Mar 2021 13:24:00 GMT express:router:layer new '/'
Fri, 19 Mar 2021 13:24:00 GMT express:router:layer new '/'
Fri, 19 Mar 2021 13:24:00 GMT express:router:route get '/contato/:id/editar'
Fri, 19 Mar 2021 13:24:00 GMT express:router:layer new '/'
Fri, 19 Mar 2021 13:24:00 GMT express:router:route new '/contato/:id'
Fri, 19 Mar 2021 13:24:00 GMT express:router:layer new '/contato/:id'
Fri, 19 Mar 2021 13:24:00 GMT express:router:route put '/contato/:id'
Fri, 19 Mar 2021 13:24:00 GMT express:router:layer new '/'
Fri, 19 Mar 2021 13:24:00 GMT express:router:route put '/contato/:id'
Fri, 19 Mar 2021 13:24:00 GMT express:router:layer new '/'
Fri, 19 Mar 2021 13:24:00 GMT express:router:route new '/contato/:id'
Fri, 19 Mar 2021 13:24:00 GMT express:router:layer new '/contato/:id'
Fri, 19 Mar 2021 13:24:00 GMT express:router:route delete '/contato/:id'
Fri, 19 Mar 2021 13:24:00 GMT express:router:layer new '/'
Fri, 19 Mar 2021 13:24:00 GMT express:router:route delete '/contato/:id'
Fri, 19 Mar 2021 13:24:00 GMT express:router:layer new '/'
Fri, 19 Mar 2021 13:24:00 GMT express:router:route new '/'
Fri, 19 Mar 2021 13:24:00 GMT express:router:layer new '/'
Fri, 19 Mar 2021 13:24:00 GMT express:router:route get '/'
Fri, 19 Mar 2021 13:24:00 GMT express:router:layer new '/'
Fri, 19 Mar 2021 13:24:00 GMT express:router:route new '/entrar'
Fri, 19 Mar 2021 13:24:00 GMT express:router:layer new '/entrar'
Fri, 19 Mar 2021 13:24:00 GMT express:router:route post '/entrar'
Fri, 19 Mar 2021 13:24:00 GMT express:router:layer new '/'
Fri, 19 Mar 2021 13:24:00 GMT express:router:route new '/sair'
Fri, 19 Mar 2021 13:24:00 GMT express:router:layer new '/sair'
Fri, 19 Mar 2021 13:24:00 GMT express:router:route get '/sair'
Fri, 19 Mar 2021 13:24:00 GMT express:router:layer new '/'
Fri, 19 Mar 2021 13:24:00 GMT express:router use '/' <anonymous>
Fri, 19 Mar 2021 13:24:00 GMT express:router:layer new '/'
Fri, 19 Mar 2021 13:24:00 GMT express:router use '/' <anonymous>
Fri, 19 Mar 2021 13:24:00 GMT express:router:layer new '/'
2021-03-19T13:24:04.032Z engine intercepting request for path "/socket.io/"
2021-03-19T13:24:04.032Z engine handling "GET" http request "/socket.io/?EIO=3&transport=polling&t=NXAg44p"
2021-03-19T13:24:04.036Z engine handshaking client "eg5oxW2k7V-X0PCEAAAA"
2021-03-19T13:24:04.037Z engine:socket sending packet "open" ({"sid":"eg5oxW2k7V-X0PCEAAAA","upgrades":["websocket"],"pingInterval":25000,"pingTimeout":60000})
2021-03-19T13:24:04.037Z engine:polling setting request
2021-03-19T13:24:04.037Z engine:socket flushing buffer to transport
2021-03-19T13:24:04.038Z engine:polling writing "97:0{"sid":"eg5oxW2k7V-X0PCEAAAA","upgrades":["websocket"],"pingInterval":25000,"pingTimeout":60000}"
2021-03-19T13:24:04.041Z engine:socket executing batch send callback
Fri, 19 Mar 2021 13:24:04 GMT socket.io:server incoming connection with id eg5oxW2k7V-X0PCEAAAA
Fri, 19 Mar 2021 13:24:04 GMT socket.io:client connecting to namespace /
Fri, 19 Mar 2021 13:24:04 GMT socket.io:namespace adding socket to nsp /
2021-03-19T13:24:04.044Z connect:redis GET "WrwIdVqgHEbPvBJCRuGHPv_U5HuTrUpq"
2021-03-19T13:24:04.047Z connect:redis GOT {"cookie":{"originalMaxAge":null,"expires":null,"httpOnly":true,"path":"/"},"usuario":{"_id":"6053574d879a321b787aa1a2","nome":"asdf","email":"asdf"}}
Fri, 19 Mar 2021 13:24:04 GMT socket.io:socket socket connected - writing packet
Fri, 19 Mar 2021 13:24:04 GMT socket.io:socket joining room eg5oxW2k7V-X0PCEAAAA
Fri, 19 Mar 2021 13:24:04 GMT socket.io:client writing packet {"type":0,"nsp":"/"}
2021-03-19T13:24:04.049Z socket.io-parser encoding packet {"type":0,"nsp":"/"}
2021-03-19T13:24:04.049Z socket.io-parser encoded {"type":0,"nsp":"/"} as 0
2021-03-19T13:24:04.049Z engine:socket sending packet "message" (0)
Fri, 19 Mar 2021 13:24:04 GMT socket.io:socket joined room [ 'eg5oxW2k7V-X0PCEAAAA' ]
2021-03-19T13:24:04.053Z engine intercepting request for path "/socket.io/"
2021-03-19T13:24:04.054Z engine handling "GET" http request "/socket.io/?EIO=3&transport=polling&t=NXAg45F&sid=eg5oxW2k7V-X0PCEAAAA"
2021-03-19T13:24:04.055Z engine setting new request for existing client
2021-03-19T13:24:04.055Z engine:polling setting request
2021-03-19T13:24:04.055Z engine:socket flushing buffer to transport
2021-03-19T13:24:04.056Z engine:polling writing "2:40"
2021-03-19T13:24:04.057Z engine:socket executing batch send callback
2021-03-19T13:24:04.061Z engine intercepting request for path "/socket.io/"
2021-03-19T13:24:04.062Z engine handling "GET" http request "/socket.io/?EIO=3&transport=polling&t=NXAg45R&sid=eg5oxW2k7V-X0PCEAAAA"
2021-03-19T13:24:04.062Z engine setting new request for existing client
2021-03-19T13:24:04.062Z engine:polling setting request
